[22Oct2024 00:00:53.688] [Worker-Main-30/WARN] [com.finndog.mvs.MVSCommon/]: Moog's Voyager Structures: Empty or nonexistent pool: mvs:farm/side_pool which is being called from mvs:nature/short_oak_pathway
[22Oct2024 00:00:53.697] [Worker-Main-30/WARN] [com.finndog.mvs.MVSCommon/]: Moog's Voyager Structures: Empty or nonexistent pool: mvs:farm/side_pool which is being called from mvs:nature/short_oak_pathway
[22Oct2024 00:01:23.380] [Worker-Main-2/WARN] [com.finndog.mvs.MVSCommon/]: Moog's Voyager Structures: Empty or nonexistent pool: mvs:mine_with_campsite/side_pool which is being called from mvs:other_decoration/mine_with_campsite
[22Oct2024 00:01:55.913] [Server thread/INFO] [net.minecraft.server.MinecraftServer/]: [MhogySanBro: Teleported MhogySanBro to -99.500000, 128.500000, -917.500000]
[22Oct2024 00:02:22.816] [Worker-Main-30/WARN] [com.finndog.mvs.MVSCommon/]: Moog's Voyager Structures: Empty or nonexistent pool: mvs:farm/side_pool which is being called from mvs:other_decoration/wheat_grain_bin
[22Oct2024 00:02:31.186] [Server thread/INFO] [net.minecraft.server.commands.LocateCommand/]: Locating element minecraft:desert took 3896 ms
[22Oct2024 00:02:31.186] [Server thread/WARN] [net.minecraft.server.MinecraftServer/]: Can't keep up! Is the server overloaded? Running 3871ms or 77 ticks behind
[22Oct2024 00:02:31.220] [Server thread/WARN] [net.minecraft.server.network.ServerGamePacketListenerImpl/]: martinomascapito moved too quickly! -9.882917762193756,1.3498177871314425,-1.886665124332012
[22Oct2024 00:02:31.517] [Server thread/INFO] [net.minecraft.server.MinecraftServer/]: [MhogySanBro: Teleported MhogySanBro to -66.500000, 32.500000, 50.500000]
[22Oct2024 00:02:54.881] [Server thread/WARN] [net.minecraft.server.level.ServerPlayerGameMode/]: Mismatch in destroy block pos: BlockPos{x=110, y=31, z=119} BlockPos{x=-125, y=28, z=76}
[22Oct2024 00:02:54.914] [Server thread/WARN] [net.minecraft.server.level.ServerPlayerGameMode/]: Mismatch in destroy block pos: BlockPos{x=110, y=31, z=119} BlockPos{x=-125, y=28, z=76}
[22Oct2024 00:02:59.261] [Worker-Main-30/WARN] [com.finndog.mvs.MVSCommon/]: Moog's Voyager Structures: Empty or nonexistent pool: mvs:farm/side_pool which is being called from mvs:nature/short_oak_pathway
[22Oct2024 00:02:59.261] [Worker-Main-30/WARN] [com.finndog.mvs.MVSCommon/]: Moog's Voyager Structures: Empty or nonexistent pool: mvs:farm/side_pool which is being called from mvs:nature/short_oak_pathway
[22Oct2024 00:03:06.777] [Server thread/INFO] [net.minecraft.server.MinecraftServer/]: [martinomascapito: Teleported martinomascapito to -5205.500000, 61.000000, -3661.500000]
[22Oct2024 00:03:06.779] [Server thread/WARN] [net.minecraft.server.MinecraftServer/]: Can't keep up! Is the server overloaded? Running 8363ms or 167 ticks behind
[22Oct2024 00:03:32.402] [Server thread/INFO] [net.minecraft.server.MinecraftServer/]: [Not Secure] <martinomascapito> asd
[22Oct2024 00:03:39.033] [Server thread/INFO] [com.teampotato.redirector.Redirector/]: Redirecting net/minecraftforge/fluids/capability/IFluidHandler$FluidAction
[22Oct2024 00:03:45.604] [Server thread/INFO] [net.minecraft.server.MinecraftServer/]: [MhogySanBro: Teleported MhogySanBro to -99.500000, 128.500000, -917.500000]
[22Oct2024 00:03:59.154] [Server thread/INFO] [net.minecraft.server.MinecraftServer/]: [MhogySanBro: Teleported MhogySanBro to -66.500000, 32.500000, 50.500000]
[22Oct2024 00:04:15.789] [Worker-Main-2/WARN] [com.finndog.mvs.MVSCommon/]: Moog's Voyager Structures: Empty or nonexistent pool: mvs:mine_with_campsite/side_pool which is being called from mvs:other_decoration/mine_with_campsite
[22Oct2024 00:04:18.139] [Server thread/INFO] [com.teampotato.redirector.Redirector/]: Redirecting net/minecraft/world/level/Level$ExplosionInteraction
[22Oct2024 00:04:41.604] [Worker-Main-30/INFO] [com.teampotato.redirector.Redirector/]: Redirecting net/minecraft/world/entity/animal/Panda$Gene
[22Oct2024 00:04:44.134] [Server thread/INFO] [net.minecraft.server.MinecraftServer/]: [Not Secure] <martinomascapito> asd
[22Oct2024 00:04:54.089] [Server thread/INFO] [net.minecraft.server.MinecraftServer/]: [MhogySanBro: Teleported MhogySanBro to martinomascapito]
[22Oct2024 00:05:05.640] [Server thread/INFO] [net.minecraft.server.MinecraftServer/]: [Not Secure] <martinomascapito> asd
[22Oct2024 00:06:02.940] [Server thread/INFO] [net.minecraft.server.MinecraftServer/]: [Not Secure] <martinomascapito> asd
[22Oct2024 00:06:13.786] [Worker-Main-30/WARN] [com.finndog.mvs.MVSCommon/]: Moog's Voyager Structures: Empty or nonexistent pool: mvs:farm/side_pool which is being called from mvs:other_decoration/wooden_wheat_farm
[22Oct2024 00:06:15.982] [Server thread/WARN] [net.minecraft.server.level.ServerPlayerGameMode/]: Mismatch in destroy block pos: BlockPos{x=-5205, y=73, z=-3654} BlockPos{x=-5205, y=69, z=-3659}
[22Oct2024 00:06:20.266] [Server thread/INFO] [net.minecraft.server.MinecraftServer/]: [Not Secure] <martinomascapito> asd
[22Oct2024 00:06:37.329] [Server thread/INFO] [net.minecraft.server.MinecraftServer/]: [Not Secure] <martinomascapito> asd
[22Oct2024 00:06:40.275] [Server thread/INFO] [net.minecraft.server.MinecraftServer/]: [Not Secure] <martinomascapito> qweqew
[22Oct2024 00:06:46.277] [Server thread/INFO] [net.minecraft.server.MinecraftServer/]: [MhogySanBro: Teleported MhogySanBro to -511.500000, 64.500000, 319.500000]
[22Oct2024 00:08:10.328] [Server thread/INFO] [net.minecraft.server.network.ServerGamePacketListenerImpl/]: MhogySanBro lost connection: Disconnected
[22Oct2024 00:08:10.329] [Server thread/INFO] [net.minecraft.server.MinecraftServer/]: MhogySanBro left the game
[22Oct2024 00:08:13.453] [Server thread/INFO] [net.minecraft.server.MinecraftServer/]: [Not Secure] <martinomascapito> asd
[22Oct2024 00:08:54.924] [Server thread/INFO] [net.minecraft.server.MinecraftServer/]: [Not Secure] <martinomascapito> asd
[22Oct2024 00:08:59.800] [Server thread/INFO] [net.minecraft.server.MinecraftServer/]: [Not Secure] <martinomascapito> asd
[22Oct2024 00:09:13.212] [Worker-Main-29/WARN] [com.finndog.mvs.MVSCommon/]: Moog's Voyager Structures: Empty or nonexistent pool: mvs:farm/side_pool which is being called from mvs:other_decoration/wheat_grain_bin
[22Oct2024 00:09:50.269] [Server thread/INFO] [net.minecraft.server.players.PlayerList/]: MhogySanBro[/100.94.188.24:50761] logged in with entity id 65063 at (-508.30000001192093, 65.0, 332.23399796065695)
[22Oct2024 00:09:50.317] [Server thread/INFO] [net.minecraft.server.MinecraftServer/]: MhogySanBro joined the game
[22Oct2024 00:10:37.331] [Server thread/INFO] [net.minecraft.server.MinecraftServer/]: [Not Secure] <martinomascapito> asd
[22Oct2024 00:10:43.537] [Server thread/INFO] [net.minecraft.server.MinecraftServer/]: [Not Secure] <martinomascapito> asd
[22Oct2024 00:11:10.747] [Server thread/INFO] [net.minecraft.server.MinecraftServer/]: martinomascapito has made the advancement [Mine? Mine? Mine?]
[22Oct2024 00:11:59.879] [Server thread/INFO] [net.minecraft.server.MinecraftServer/]: [martinomascapito: Teleported martinomascapito to MhogySanBro]
[22Oct2024 00:12:00.188] [Server thread/INFO] [net.minecraft.server.MinecraftServer/]: [MhogySanBro: Teleported MhogySanBro to -99.500000, 128.500000, -917.500000]
[22Oct2024 00:12:55.086] [Server thread/INFO] [net.minecraft.server.MinecraftServer/]: [Not Secure] <martinomascapito> asd
[22Oct2024 00:13:14.628] [Server thread/INFO] [net.minecraft.server.MinecraftServer/]: [Not Secure] <martinomascapito> asd
[22Oct2024 00:13:23.196] [Server thread/INFO] [net.minecraft.server.MinecraftServer/]: [MhogySanBro: Teleported MhogySanBro to -511.500000, 64.500000, 319.500000]
[22Oct2024 00:13:28.834] [Worker-Main-29/ERROR] [net.minecraft.world.level.block.entity.SculkShriekerBlockEntity/]: No key selector in MapLike[{event_delay:0,event_distance:0.0f,range:8,source:{pos:[I;-425,-56,-205],type:"minecraft:block"}}]
[22Oct2024 00:13:30.396] [Worker-Main-29/ERROR] [net.minecraft.world.entity.decoration.HangingEntity/]: Hanging entity at invalid position: BlockPos{x=-423, y=-50, z=-211}
[22Oct2024 00:13:30.405] [Worker-Main-29/ERROR] [net.minecraft.world.entity.decoration.HangingEntity/]: Hanging entity at invalid position: BlockPos{x=-187, y=-46, z=-151}
[22Oct2024 00:13:30.405] [Worker-Main-29/ERROR] [net.minecraft.world.entity.decoration.HangingEntity/]: Hanging entity at invalid position: BlockPos{x=-187, y=-46, z=-143}
[22Oct2024 00:13:30.406] [Worker-Main-29/ERROR] [net.minecraft.world.entity.decoration.HangingEntity/]: Hanging entity at invalid position: BlockPos{x=-185, y=-46, z=-142}
[22Oct2024 00:14:23.591] [Server thread/INFO] [net.minecraft.server.MinecraftServer/]: [Not Secure] <martinomascapito> asd
[22Oct2024 00:15:13.679] [Server thread/INFO] [net.minecraft.server.MinecraftServer/]: [Not Secure] <martinomascapito> asd
[22Oct2024 00:15:35.103] [Server thread/INFO] [net.minecraft.server.MinecraftServer/]: [MhogySanBro: Teleported MhogySanBro to martinomascapito]
[22Oct2024 00:15:46.861] [Server thread/INFO] [net.minecraft.server.MinecraftServer/]: [MhogySanBro: Teleported MhogySanBro to martinomascapito]
[22Oct2024 00:15:49.781] [Server thread/INFO] [net.minecraft.server.MinecraftServer/]: [MhogySanBro: Teleported MhogySanBro to martinomascapito]
[22Oct2024 00:15:49.944] [Server thread/INFO] [net.minecraft.server.MinecraftServer/]: [Not Secure] <martinomascapito> asd
[22Oct2024 00:16:03.910] [Server thread/INFO] [net.minecraft.server.MinecraftServer/]: [MhogySanBro: Teleported MhogySanBro to -99.500000, 128.500000, -917.500000]
[22Oct2024 00:16:19.429] [Server thread/INFO] [net.minecraft.server.MinecraftServer/]: [Not Secure] <martinomascapito> asd
[22Oct2024 00:16:22.039] [Server thread/INFO] [net.minecraft.server.MinecraftServer/]: [martinomascapito: Teleported martinomascapito to -99.500000, 128.500000, -917.500000]
[22Oct2024 00:17:06.790] [Server thread/INFO] [net.minecraft.server.MinecraftServer/]: [Not Secure] <martinomascapito> asd
[22Oct2024 00:18:35.902] [Server thread/INFO] [net.minecraft.server.MinecraftServer/]: [MhogySanBro: Teleported MhogySanBro to -66.500000, 32.500000, 50.500000]
[22Oct2024 00:19:45.999] [Server thread/INFO] [net.minecraft.server.MinecraftServer/]: [MhogySanBro: Teleported MhogySanBro to -66.500000, 32.500000, 50.500000]
[22Oct2024 00:20:03.226] [Server thread/INFO] [net.minecraft.server.MinecraftServer/]: [MhogySanBro: Teleported MhogySanBro to martinomascapito]
[22Oct2024 00:20:57.020] [Server thread/INFO] [net.minecraft.server.network.ServerGamePacketListenerImpl/]: martinomascapito lost connection: Disconnected
[22Oct2024 00:20:57.020] [Server thread/INFO] [net.minecraft.server.MinecraftServer/]: martinomascapito left the game
[22Oct2024 00:21:41.749] [Server thread/INFO] [net.minecraft.server.MinecraftServer/]: [MhogySanBro: Teleported MhogySanBro to -511.500000, 64.500000, 319.500000]
[22Oct2024 00:21:45.398] [Server thread/INFO] [net.minecraft.server.MinecraftServer/]: [MhogySanBro: Teleported MhogySanBro to -511.500000, 64.500000, 319.500000]
[22Oct2024 00:23:29.387] [Server thread/WARN] [net.minecraft.server.level.ServerPlayerGameMode/]: Mismatch in destroy block pos: BlockPos{x=-485, y=59, z=302} BlockPos{x=-485, y=58, z=303}
[22Oct2024 00:23:33.850] [Server thread/INFO] [net.minecraft.server.MinecraftServer/]: [MhogySanBro: Teleported MhogySanBro to -511.500000, 64.500000, 319.500000]
[22Oct2024 00:27:27.169] [Server thread/INFO] [net.minecraft.server.MinecraftServer/]: [MhogySanBro: Teleported MhogySanBro to -99.500000, 128.500000, -917.500000]
[22Oct2024 00:31:50.922] [Server thread/INFO] [net.minecraft.server.network.ServerGamePacketListenerImpl/]: MhogySanBro lost connection: Timed out
[22Oct2024 00:31:50.923] [Server thread/INFO] [net.minecraft.server.MinecraftServer/]: MhogySanBro left the game
